<?xml version="1.0" encoding="UTF-8"?>
<!-- Generated by org.testng.reporters.JUnitXMLReporter -->
<testsuite ignored="0" hostname="c81ade66733955f" failures="0" tests="9" name="Test" time="2.451" errors="0" timestamp="2025-10-30T12:02:14 IST">
  <testcase classname="testcases.pharmacy_testcase" name="@BeforeClass initBrowser" time="0.022">
    <failure type="java.lang.NullPointerException" message="Cannot invoke &amp;quot;java.util.Map.get(Object)&amp;quot; because &amp;quot;this.configData&amp;quot; is null">
      <![CDATA[java.lang.NullPointerException: Cannot invoke "java.util.Map.get(Object)" because "this.configData" is null
at testcases.pharmacy_testcase.initBrowser(pharmacy_testcase.java:45)
at java.base/java.util.concurrent.ThreadPoolExecutor.runWorker(ThreadPoolExecutor.java:1136)
at java.base/java.util.concurrent.ThreadPoolExecutor$Worker.run(ThreadPoolExecutor.java:635)
at java.base/java.lang.Thread.run(Thread.java:842)
... Removed 10 stack frames]]>
    </failure>
  </testcase> <!-- @BeforeClass initBrowser -->
  <testcase classname="testcases.pharmacy_testcase" name="@AfterClass tearDown" time="0.0">
    <failure type="java.lang.NullPointerException" message="Cannot invoke &amp;quot;org.openqa.selenium.WebDriver.quit()&amp;quot; because &amp;quot;this.driver&amp;quot; is null">
      <![CDATA[java.lang.NullPointerException: Cannot invoke "org.openqa.selenium.WebDriver.quit()" because "this.driver" is null
at coreUtilities.testbase.TestBase.browserTearDown(TestBase.java:113)
at testcases.pharmacy_testcase.tearDown(pharmacy_testcase.java:212)
at java.base/java.util.concurrent.ThreadPoolExecutor.runWorker(ThreadPoolExecutor.java:1136)
at java.base/java.util.concurrent.ThreadPoolExecutor$Worker.run(ThreadPoolExecutor.java:635)
at java.base/java.lang.Thread.run(Thread.java:842)
... Removed 11 stack frames]]>
    </failure>
  </testcase> <!-- @AfterClass tearDown -->
  <testcase classname="testcases.pharmacy_testcase" name="verifyTitleAndURLOfTheHomePage" time="0.001">
    <skipped/>
  </testcase> <!-- verifyTitleAndURLOfTheHomePage -->
  <testcase classname="testcases.pharmacy_testcase" name="getPharmacyPageUrl" time="0.0">
    <skipped/>
  </testcase> <!-- getPharmacyPageUrl -->
  <testcase classname="testcases.pharmacy_testcase" name="verifyAndHighlightPharmacySubModulesTab" time="0.0">
    <skipped/>
  </testcase> <!-- verifyAndHighlightPharmacySubModulesTab -->
  <testcase classname="testcases.pharmacy_testcase" name="verifyElementsUnderOrderTab" time="0.0">
    <skipped/>
  </testcase> <!-- verifyElementsUnderOrderTab -->
  <testcase classname="testcases.pharmacy_testcase" name="verifyNavigationToAnotherSubModuleAfterOpeningTheOrderSection" time="0.0">
    <skipped/>
  </testcase> <!-- verifyNavigationToAnotherSubModuleAfterOpeningTheOrderSection -->
  <testcase classname="testcases.pharmacy_testcase" name="verifyErrorMessageOnPrintingGoodReceiptWithoutDetails" time="0.0">
    <skipped/>
  </testcase> <!-- verifyErrorMessageOnPrintingGoodReceiptWithoutDetails -->
  <testcase classname="testcases.pharmacy_testcase" name="addNewGoodReceipt" time="0.001">
    <skipped/>
  </testcase> <!-- addNewGoodReceipt -->
  <testcase classname="testcases.pharmacy_testcase" name="verifyAddedGoodReceipt" time="0.0">
    <skipped/>
  </testcase> <!-- verifyAddedGoodReceipt -->
  <testcase classname="testcases.pharmacy_testcase" name="verifyDataIsAsPerAppliedDateFilter" time="0.001">
    <skipped/>
  </testcase> <!-- verifyDataIsAsPerAppliedDateFilter -->
</testsuite> <!-- Test -->
